[
  {
    "line": 1,
    "elements": [
      {
        "before": [
          {
            "result": {
              "duration": 7479361670,
              "status": "passed"
            },
            "match": {
              "location": "Hook.InitializeTest()"
            }
          }
        ],
        "line": 4,
        "name": "Login with correct username and password",
        "description": "",
        "id": "loginfeature;login-with-correct-username-and-password",
        "after": [
          {
            "result": {
              "duration": 128420,
              "status": "passed"
            },
            "match": {
              "location": "Hook.TearDownTest(Scenario)"
            }
          }
        ],
        "type": "scenario",
        "keyword": "Scenario",
        "steps": [
          {
            "result": {
              "duration": 3828095195,
              "status": "passed"
            },
            "line": 5,
            "name": "I navigate to the login page",
            "match": {
              "location": "LoginStep.iNavigateToTheLoginPage()"
            },
            "keyword": "Given "
          },
          {
            "result": {
              "duration": 226414297,
              "error_message": "org.openqa.selenium.WebDriverException: unknown error: call function result missing \u0027value\u0027\n  (Session info: chrome\u003d68.0.3440.84)\n  (Driver info: chromedriver\u003d2.27.440174 (e97a722caafc2d3a8b807ee115bfb307f7d2cfd9),platform\u003dWindows NT 6.1.7601 SP1 x86_64) (WARNING: The server did not provide any stacktrace information)\nCommand duration or timeout: 162 milliseconds\nBuild info: version: \u00273.0.1\u0027, revision: \u00271969d75\u0027, time: \u00272016-10-18 09:49:13 -0700\u0027\nSystem info: host: \u0027ISTWLAPASUS1622\u0027, ip: \u002710.1.101.248\u0027, os.name: \u0027Windows 7\u0027, os.arch: \u0027amd64\u0027, os.version: \u00276.1\u0027, java.version: \u00271.8.0_101\u0027\nDriver info: org.openqa.selenium.chrome.ChromeDriver\nCapabilities [{applicationCacheEnabled\u003dfalse, rotatable\u003dfalse, mobileEmulationEnabled\u003dfalse, networkConnectionEnabled\u003dfalse, chrome\u003d{chromedriverVersion\u003d2.27.440174 (e97a722caafc2d3a8b807ee115bfb307f7d2cfd9), userDataDir\u003dC:\\Users\\SAMPAT~1.SUK\\AppData\\Local\\Temp\\scoped_dir87472_18065}, takesHeapSnapshot\u003dtrue, pageLoadStrategy\u003dnormal, databaseEnabled\u003dfalse, handlesAlerts\u003dtrue, hasTouchScreen\u003dfalse, version\u003d68.0.3440.84, platform\u003dXP, browserConnectionEnabled\u003dfalse, nativeEvents\u003dtrue, acceptSslCerts\u003dtrue, locationContextEnabled\u003dtrue, webStorageEnabled\u003dtrue, browserName\u003dchrome, takesScreenshot\u003dtrue, javascriptEnabled\u003dtrue, cssSelectorsEnabled\u003dtrue, unexpectedAlertBehaviour\u003d}]\nSession ID: ade3f1a8118ca3f23deae08aef0615de\r\n\tat sun.reflect.NativeConstructorAccessorImpl.newInstance0(Native Method)\r\n\tat sun.reflect.NativeConstructorAccessorImpl.newInstance(NativeConstructorAccessorImpl.java:62)\r\n\tat sun.reflect.DelegatingConstructorAccessorImpl.newInstance(DelegatingConstructorAccessorImpl.java:45)\r\n\tat java.lang.reflect.Constructor.newInstance(Constructor.java:423)\r\n\tat org.openqa.selenium.remote.ErrorHandler.createThrowable(ErrorHandler.java:216)\r\n\tat org.openqa.selenium.remote.ErrorHandler.throwIfResponseFailed(ErrorHandler.java:168)\r\n\tat org.openqa.selenium.remote.RemoteWebDriver.execute(RemoteWebDriver.java:635)\r\n\tat org.openqa.selenium.remote.RemoteWebElement.execute(RemoteWebElement.java:274)\r\n\tat org.openqa.selenium.remote.RemoteWebElement.sendKeys(RemoteWebElement.java:98)\r\n\tat sun.reflect.NativeMethodAccessorImpl.invoke0(Native Method)\r\n\tat sun.reflect.NativeMethodAccessorImpl.invoke(NativeMethodAccessorImpl.java:62)\r\n\tat sun.reflect.DelegatingMethodAccessorImpl.invoke(DelegatingMethodAccessorImpl.java:43)\r\n\tat java.lang.reflect.Method.invoke(Method.java:498)\r\n\tat org.openqa.selenium.support.pagefactory.internal.LocatingElementHandler.invoke(LocatingElementHandler.java:51)\r\n\tat com.sun.proxy.$Proxy20.sendKeys(Unknown Source)\r\n\tat pages.LoginPage.Login(LoginPage.java:29)\r\n\tat steps.LoginStep.iEnterTheFollowingForLogin(LoginStep.java:58)\r\n\tat ✽.And I enter the following for Login(Login.feature:6)\r\n",
              "status": "failed"
            },
            "line": 6,
            "name": "I enter the following for Login",
            "match": {
              "location": "LoginStep.iEnterTheFollowingForLogin(DataTable)"
            },
            "rows": [
              {
                "cells": [
                  "username",
                  "password"
                ],
                "line": 7
              },
              {
                "cells": [
                  "admin",
                  "adminpassword"
                ],
                "line": 8
              }
            ],
            "keyword": "And "
          },
          {
            "result": {
              "status": "skipped"
            },
            "line": 9,
            "name": "I click login button",
            "match": {
              "location": "LoginStep.iClickLoginButton()"
            },
            "keyword": "And "
          },
          {
            "result": {
              "status": "skipped"
            },
            "line": 10,
            "name": "I should see the userform page",
            "match": {
              "location": "LoginStep.iShouldSeeTheUserformPage()"
            },
            "keyword": "Then "
          }
        ]
      },
      {
        "before": [
          {
            "result": {
              "duration": 13445407099,
              "status": "passed"
            },
            "match": {
              "location": "Hook.InitializeTest()"
            }
          }
        ],
        "line": 12,
        "name": "Login with correct username and password to fail",
        "description": "",
        "id": "loginfeature;login-with-correct-username-and-password-to-fail",
        "after": [
          {
            "result": {
              "duration": 106235,
              "status": "passed"
            },
            "match": {
              "location": "Hook.TearDownTest(Scenario)"
            }
          }
        ],
        "type": "scenario",
        "keyword": "Scenario",
        "steps": [
          {
            "result": {
              "duration": 2790151062,
              "status": "passed"
            },
            "line": 13,
            "name": "I navigate to the login page",
            "match": {
              "location": "LoginStep.iNavigateToTheLoginPage()"
            },
            "keyword": "Given "
          },
          {
            "result": {
              "duration": 87425182,
              "error_message": "org.openqa.selenium.WebDriverException: unknown error: call function result missing \u0027value\u0027\n  (Session info: chrome\u003d68.0.3440.84)\n  (Driver info: chromedriver\u003d2.27.440174 (e97a722caafc2d3a8b807ee115bfb307f7d2cfd9),platform\u003dWindows NT 6.1.7601 SP1 x86_64) (WARNING: The server did not provide any stacktrace information)\nCommand duration or timeout: 50 milliseconds\nBuild info: version: \u00273.0.1\u0027, revision: \u00271969d75\u0027, time: \u00272016-10-18 09:49:13 -0700\u0027\nSystem info: host: \u0027ISTWLAPASUS1622\u0027, ip: \u002710.1.101.248\u0027, os.name: \u0027Windows 7\u0027, os.arch: \u0027amd64\u0027, os.version: \u00276.1\u0027, java.version: \u00271.8.0_101\u0027\nDriver info: org.openqa.selenium.chrome.ChromeDriver\nCapabilities [{applicationCacheEnabled\u003dfalse, rotatable\u003dfalse, mobileEmulationEnabled\u003dfalse, networkConnectionEnabled\u003dfalse, chrome\u003d{chromedriverVersion\u003d2.27.440174 (e97a722caafc2d3a8b807ee115bfb307f7d2cfd9), userDataDir\u003dC:\\Users\\SAMPAT~1.SUK\\AppData\\Local\\Temp\\scoped_dir111752_20942}, takesHeapSnapshot\u003dtrue, pageLoadStrategy\u003dnormal, databaseEnabled\u003dfalse, handlesAlerts\u003dtrue, hasTouchScreen\u003dfalse, version\u003d68.0.3440.84, platform\u003dXP, browserConnectionEnabled\u003dfalse, nativeEvents\u003dtrue, acceptSslCerts\u003dtrue, locationContextEnabled\u003dtrue, webStorageEnabled\u003dtrue, browserName\u003dchrome, takesScreenshot\u003dtrue, javascriptEnabled\u003dtrue, cssSelectorsEnabled\u003dtrue, unexpectedAlertBehaviour\u003d}]\nSession ID: 0cc91d865984d23e314d426c0ee04b85\r\n\tat sun.reflect.NativeConstructorAccessorImpl.newInstance0(Native Method)\r\n\tat sun.reflect.NativeConstructorAccessorImpl.newInstance(NativeConstructorAccessorImpl.java:62)\r\n\tat sun.reflect.DelegatingConstructorAccessorImpl.newInstance(DelegatingConstructorAccessorImpl.java:45)\r\n\tat java.lang.reflect.Constructor.newInstance(Constructor.java:423)\r\n\tat org.openqa.selenium.remote.ErrorHandler.createThrowable(ErrorHandler.java:216)\r\n\tat org.openqa.selenium.remote.ErrorHandler.throwIfResponseFailed(ErrorHandler.java:168)\r\n\tat org.openqa.selenium.remote.RemoteWebDriver.execute(RemoteWebDriver.java:635)\r\n\tat org.openqa.selenium.remote.RemoteWebElement.execute(RemoteWebElement.java:274)\r\n\tat org.openqa.selenium.remote.RemoteWebElement.sendKeys(RemoteWebElement.java:98)\r\n\tat sun.reflect.NativeMethodAccessorImpl.invoke0(Native Method)\r\n\tat sun.reflect.NativeMethodAccessorImpl.invoke(NativeMethodAccessorImpl.java:62)\r\n\tat sun.reflect.DelegatingMethodAccessorImpl.invoke(DelegatingMethodAccessorImpl.java:43)\r\n\tat java.lang.reflect.Method.invoke(Method.java:498)\r\n\tat org.openqa.selenium.support.pagefactory.internal.LocatingElementHandler.invoke(LocatingElementHandler.java:51)\r\n\tat com.sun.proxy.$Proxy20.sendKeys(Unknown Source)\r\n\tat pages.LoginPage.Login(LoginPage.java:29)\r\n\tat steps.LoginStep.iEnterTheFollowingForLogin(LoginStep.java:58)\r\n\tat ✽.And I enter the following for Login(Login.feature:14)\r\n",
              "status": "failed"
            },
            "line": 14,
            "name": "I enter the following for Login",
            "match": {
              "location": "LoginStep.iEnterTheFollowingForLogin(DataTable)"
            },
            "rows": [
              {
                "cells": [
                  "username",
                  "password"
                ],
                "line": 15
              },
              {
                "cells": [
                  "admin",
                  "adminpassword"
                ],
                "line": 16
              }
            ],
            "keyword": "And "
          },
          {
            "result": {
              "status": "skipped"
            },
            "line": 17,
            "name": "I click login button",
            "match": {
              "location": "LoginStep.iClickLoginButton()"
            },
            "keyword": "And "
          },
          {
            "result": {
              "status": "skipped"
            },
            "line": 18,
            "name": "I should see the userform page wrongly",
            "match": {
              "location": "LoginStep.iShouldSeeTheUserformPageWrongly()"
            },
            "keyword": "Then "
          }
        ]
      }
    ],
    "name": "LoginFeature",
    "description": "This feature deals with the login functionality of the application",
    "id": "loginfeature",
    "keyword": "Feature",
    "uri": "Login.feature"
  }
]